Populatie initiala: 
1: 11101110010110001101001 x = 2.003484 f = 7.950980896415195 
2: 01100011100110001000001 x = -0.327103 f = 3.762331266684516 
3: 01001101001101100100110 x = -0.703078 f = 4.326767744787836 
4: 10000110001011110110100 x = 0.253892 f = 4.76147335109784 
5: 10010111111001000100101 x = 0.551307 f = 6.225992469109247 
6: 01100011001101101100000 x = -0.333517 f = 3.765527445769886 
7: 10001010010011000101001 x = 0.322977 f = 5.0523291297844395 
8: 01111010001100000111011 x = 0.052399 f = 4.1157730821815175 
9: 10101010011010111010100 x = 0.862533 f = 8.147437496979567 
10: 11111110001100100110010 x = 2.269713 f = 2.606861704339324 
11: 01001111000101000011111 x = -0.671719 f = 4.257800430942042 
12: 00110110111100010010011 x = -1.077146 f = 5.140517029636041 
13: 11110100001100001100110 x = 2.10164 f = 6.361919394524834 
14: 00100101111010101101101 x = -1.363106 f = 5.253640459334823 
15: 10001111000001111100010 x = 0.402463 f = 5.426595489818612 
16: 01010101111011111011010 x = -0.556538 f = 4.029926693134598 
17: 00111010101110110011011 x = -1.013498 f = 5.026621737669968 
18: 11000011001001001111110 x = 1.277818 f = 10.420813996566476 
19: 01001001000001000001011 x = -0.77356 f = 4.488383630291251 
20: 01000111110001001111010 x = -0.794499 f = 4.5374670215348845 
Probabilitati selectie: 
cromozom 1 probabilitate 0.07525122157891234 
cromozom 2 probabilitate 0.035608188158293134 
cromozom 3 probabilitate 0.04095023777887819 
cromozom 4 probabilitate 0.04506446322202801 
cromozom 5 probabilitate 0.05892525022325422 
cromozom 6 probabilitate 0.03563843805873843 
cromozom 7 probabilitate 0.0478172371167962 
cromozom 8 probabilitate 0.03895330100911252 
cromozom 9 probabilitate 0.0771105643911149 
cromozom 10 probabilitate 0.02467236813853561 
cromozom 11 probabilitate 0.04029750389817522 
cromozom 12 probabilitate 0.04865188221012096 
cromozom 13 probabilitate 0.060211716297848904 
cromozom 14 probabilitate 0.04972252700035906 
cromozom 15 probabilitate 0.05135944167688547 
cromozom 16 probabilitate 0.03814081689827384 
cromozom 17 probabilitate 0.04757393221071924 
cromozom 18 probabilitate 0.09862669692010108 
cromozom 19 probabilitate 0.04247983431157429 
cromozom 20 probabilitate 0.04294437890027836 
Intervale probabilitati selectie: 
0.07525122157891234 0.11085940973720548 0.15180964751608367 0.19687411073811167 0.2557993609613659 0.29143779902010436 0.33925503613690056 0.3782083371460131 0.455318901537128 0.47999126967566363 0.5202887735738388 0.5689406557839598 0.6291523720818087 0.6788748990821678 0.7302343407590532 0.7683751576573271 0.8159490898680464 0.9145757867881474 0.9570556210997218 1.0u = 0.1762264407397759 selectam cromozomul 3 
u = 0.12979505331694696 selectam cromozomul 2 
u = 0.527252789239431 selectam cromozomul 11 
u = 0.6912749494587495 selectam cromozomul 14 
u = 0.37322259732356855 selectam cromozomul 7 
u = 0.1669028601528546 selectam cromozomul 3 
u = 0.37408192385299 selectam cromozomul 7 
u = 0.16047128076215011 selectam cromozomul 3 
u = 0.06928095330888628 selectam cromozomul 3 
u = 0.3603837669101754 selectam cromozomul 7 
u = 0.16154902571380692 selectam cromozomul 3 
u = 0.4550285839702132 selectam cromozomul 8 
u = 0.6086563244850998 selectam cromozomul 12 
u = 0.24533002503750478 selectam cromozomul 4 
u = 0.5824223905525164 selectam cromozomul 12 
u = 0.8453024391631918 selectam cromozomul 17 
u = 0.6696746733316075 selectam cromozomul 13 
u = 0.23830042903776627 selectam cromozomul 4 
u = 0.15553096889681184 selectam cromozomul 3 

Dupa selectie:
1: 11000011001001001111110 x = 1.277818 f = 10.420813996566476 
2: 01001101001101100100110 x = -0.703078 f = 4.326767744787836 
3: 01100011100110001000001 x = -0.327103 f = 3.762331266684516 
4: 01001111000101000011111 x = -0.671719 f = 4.257800430942042 
5: 00100101111010101101101 x = -1.363106 f = 5.253640459334823 
6: 10001010010011000101001 x = 0.322977 f = 5.0523291297844395 
7: 01001101001101100100110 x = -0.703078 f = 4.326767744787836 
8: 10001010010011000101001 x = 0.322977 f = 5.0523291297844395 
9: 01001101001101100100110 x = -0.703078 f = 4.326767744787836 
10: 01001101001101100100110 x = -0.703078 f = 4.326767744787836 
11: 10001010010011000101001 x = 0.322977 f = 5.0523291297844395 
12: 01001101001101100100110 x = -0.703078 f = 4.326767744787836 
13: 01111010001100000111011 x = 0.052399 f = 4.1157730821815175 
14: 00110110111100010010011 x = -1.077146 f = 5.140517029636041 
15: 10000110001011110110100 x = 0.253892 f = 4.76147335109784 
16: 00110110111100010010011 x = -1.077146 f = 5.140517029636041 
17: 00111010101110110011011 x = -1.013498 f = 5.026621737669968 
18: 11110100001100001100110 x = 2.10164 f = 6.361919394524834 
19: 10000110001011110110100 x = 0.253892 f = 4.76147335109784 
20: 01001101001101100100110 x = -0.703078 f = 4.326767744787836 
Probabilitatea de incrucisare 0.25
1: 11000011001001001111110 Nu participa(are fitness maxim)
2: 01001101001101100100110 u = 0.8948556836283006
3: 01100011100110001000001 u = 0.4308237891911746
4: 01001111000101000011111 u = 0.85938885734289
5: 00100101111010101101101 u = 0.040943768002971836<0.25 participa la incrucisare 
6: 10001010010011000101001 u = 0.37425239425665935
7: 01001101001101100100110 u = 0.849642260567214
8: 10001010010011000101001 u = 0.41083934812927436
9: 01001101001101100100110 u = 0.8896919515812229
10: 01001101001101100100110 u = 0.3075959340023202
11: 10001010010011000101001 u = 0.186584696116335<0.25 participa la incrucisare 
12: 01001101001101100100110 u = 0.7477110694666755
13: 01111010001100000111011 u = 0.23466007667511335<0.25 participa la incrucisare 
14: 00110110111100010010011 u = 0.9946049227244811
15: 10000110001011110110100 u = 0.32551081547430616
16: 00110110111100010010011 u = 0.6137861725411244
17: 00111010101110110011011 u = 0.5855962849585958
18: 11110100001100001100110 u = 0.17256105204051575<0.25 participa la incrucisare 
19: 10000110001011110110100 u = 0.4317764661983293
20: 01001101001101100100110 u = 0.6529931110536933
Incrucisare intre cromozomul 5 cu cromozomul 11:
00100101111010101101101 10001010010011000101001, taiere la 4
Rezultat 00100010010011000101001 10001101111010101101101
Incrucisare intre cromozomul 13 cu cromozomul 18:
01111010001100000111011 11110100001100001100110, taiere la 12
Rezultat 01111010001100001100110 11110100001100000111011
Dupa incrucisare: 
1: 11000011001001001111110 x = 1.277818 f = 10.420813996566476 
2: 01001101001101100100110 x = -0.703078 f = 4.326767744787836 
3: 01100011100110001000001 x = -0.327103 f = 3.762331266684516 
4: 01001111000101000011111 x = -0.671719 f = 4.257800430942042 
5: 00100010010011000101001 x = -1.423899 f = 5.151446389943508 
6: 10001010010011000101001 x = 0.322977 f = 5.0523291297844395 
7: 01001101001101100100110 x = -0.703078 f = 4.326767744787836 
8: 10001010010011000101001 x = 0.322977 f = 5.0523291297844395 
9: 01001101001101100100110 x = -0.703078 f = 4.326767744787836 
10: 01001101001101100100110 x = -0.703078 f = 4.326767744787836 
11: 10001101111010101101101 x = 0.383769 f = 5.334961582064629 
12: 01001101001101100100110 x = -0.703078 f = 4.326767744787836 
13: 01111010001100001100110 x = 0.052421 f = 4.115826293673018 
14: 00110110111100010010011 x = -1.077146 f = 5.140517029636041 
15: 10000110001011110110100 x = 0.253892 f = 4.76147335109784 
16: 00110110111100010010011 x = -1.077146 f = 5.140517029636041 
17: 00111010101110110011011 x = -1.013498 f = 5.026621737669968 
18: 11110100001100000111011 x = 2.101618 f = 6.362322373839373 
19: 10000110001011110110100 x = 0.253892 f = 4.76147335109784 
20: 01001101001101100100110 x = -0.703078 f = 4.326767744787836 
Probabilitate de mutatie pentru fiecare gena 0.01
Au fost modificati cromozomii:
2
14
15
Dupa mutatie: 
1: 11000011001001001111110 x = 1.277818 f = 10.420813996566476 
2: 01001101001101100100100 x = -0.703079 f = 4.326769979234531 
3: 01100011100110001000001 x = -0.327103 f = 3.762331266684516 
4: 01001111000101000011111 x = -0.671719 f = 4.257800430942042 
5: 00100010010011000101001 x = -1.423899 f = 5.151446389943508 
6: 10001010010011000101001 x = 0.322977 f = 5.0523291297844395 
7: 01001101001101100100110 x = -0.703078 f = 4.326767744787836 
8: 10001010010011000101001 x = 0.322977 f = 5.0523291297844395 
9: 01001101001101100100110 x = -0.703078 f = 4.326767744787836 
10: 01001101001101100100110 x = -0.703078 f = 4.326767744787836 
11: 10001101111010101101101 x = 0.383769 f = 5.334961582064629 
12: 01001101001101100100110 x = -0.703078 f = 4.326767744787836 
13: 01111010001100001100110 x = 0.052421 f = 4.115826293673018 
14: 00100110011100010010011 x = -1.354295 f = 5.2638921491994815 
15: 10000110001111110110100 x = 0.254942 f = 4.765641288397735 
16: 00110110111100010010011 x = -1.077146 f = 5.140517029636041 
17: 00111010101110110011011 x = -1.013498 f = 5.026621737669968 
18: 11110100001100000111011 x = 2.101618 f = 6.362322373839373 
19: 10000110001011110110100 x = 0.253892 f = 4.76147335109784 
20: 01001101001101100100110 x = -0.703078 f = 4.326767744787836 
Evolutia maximului:
10.420813996566476 
4.257800430942042 
10.420813996566476 
10.891059867520442 
10.891059867520442 
4.257800430942042 
10.891059867520442 
10.922221360620924 
10.922221360620924 
10.922221360620924 
4.25750866330703 
10.922221360620924 
10.92754675642706 
10.92754675642706 
10.92754675642706 
10.92754675642706 
10.92754675642706 
10.92754675642706 
10.92754675642706 
10.92754675642706 
10.92754675642706 
10.92754675642706 
10.92754675642706 
10.92754675642706 
10.92754675642706 
10.92754675642706 
10.92754675642706 
10.92754675642706 
10.92754675642706 
10.92754675642706 
10.92754675642706 
10.92754675642706 
10.92754675642706 
10.92754675642706 
10.92754675642706 
10.92754675642706 
10.92754675642706 
10.92754675642706 
10.92754675642706 
10.92754675642706 
10.92754675642706 
10.92754675642706 
10.92754675642706 
10.92754675642706 
10.92754675642706 
10.92754675642706 
10.92754675642706 
10.92754675642706 
10.92754675642706 
